21:03:30:13:38:18.8::Berserker,P[635826@31751500 Berserker@Rinka#88777],,*,Primal Wisp,C[28392 Planar_Mana_Pinata_Green],Wild Slash,Pn.I8vljp,Physical,,174.29,0
21:03:30:13:38:19.5::Berserker,P[635826@31751500 Berserker@Rinka#88777],,*,Primal Wisp,C[28392 Planar_Mana_Pinata_Green],Wild Slash,Pn.Etgltp,Physical,,174.29,0
21:03:30:13:38:20.2::Berserker,P[635826@31751500 Berserker@Rinka#88777],,*,Primal Wisp,C[28392 Planar_Mana_Pinata_Green],Wild Slash,Pn.Ae2l3q,Physical,,163.983,0
21:03:30:13:38:20.4::Berserker,P[635826@31751500 Berserker@Rinka#88777],,*,Primal Wisp,C[28392 Planar_Mana_Pinata_Green],Wild Slash,Pn.7ydd0a,Physical,,188.09,0
21:03:30:13:38:21.5::Berserker,P[635826@31751500 Berserker@Rinka#88777],Elven Assailment,C[28411 Spell_Green_Sorcery_Arrowstorm],Primal Wisp,C[28392 Planar_Mana_Pinata_Green],Elven Assailment,Pn.50jgq9,Physical,,45.5868,0
21:03:30:13:38:21.5::Berserker,P[635826@31751500 Berserker@Rinka#88777],Aether Fox,C[27911 Ability_Beastcaller_Companion],Primal Wisp,C[28392 Planar_Mana_Pinata_Green],Melee Attack,Pn.H9nmk5,Physical,,189.527,0
21:03:30:13:38:21.8::Berserker,P[635826@31751500 Berserker@Rinka#88777],Elven Assailment,C[28411 Spell_Green_Sorcery_Arrowstorm],Primal Wisp,C[28392 Planar_Mana_Pinata_Green],Elven Assailment,Pn.50jgq9,Physical,,45.5868,0
21:03:30:13:38:22.0::Berserker,P[635826@31751500 Berserker@Rinka#88777],Elven Assailment,C[28411 Spell_Green_Sorcery_Arrowstorm],Primal Wisp,C[28392 Planar_Mana_Pinata_Green],Elven Assailment,Pn.50jgq9,Physical,,45.5868,0
21:03:30:13:38:22.3::Berserker,P[635826@31751500 Berserker@Rinka#88777],Elven Assailment,C[28411 Spell_Green_Sorcery_Arrowstorm],Primal Wisp,C[28392 Planar_Mana_Pinata_Green],Elven Assailment,Pn.50jgq9,Physical,,45.5868,0
21:03:30:13:38:22.4::Berserker,P[635826@31751500 Berserker@Rinka#88777],,*,Aether Fox,C[27911 Ability_Beastcaller_Companion],Wild Roar,Pn.Lcrmqg1,HitPoints,,-658.425,0
21:03:30:13:38:22.4::Berserker,P[635826@31751500 Berserker@Rinka#88777],Enormous Baloth,C[28245 Spell_Green_Creature_Enormousbaloth],Primal Wisp,C[28392 Planar_Mana_Pinata_Green],Melee Attack,Pn.Cp3ahw,Physical,,304.408,0
21:03:30:13:38:22.5::Berserker,P[635826@31751500 Berserker@Rinka#88777],Elven Assailment,C[28411 Spell_Green_Sorcery_Arrowstorm],Primal Wisp,C[28392 Planar_Mana_Pinata_Green],Elven Assailment,Pn.50jgq9,Physical,,45.5868,0
21:03:30:13:38:22.8::Berserker,P[635826@31751500 Berserker@Rinka#88777],Elven Assailment,C[28411 Spell_Green_Sorcery_Arrowstorm],Primal Wisp,C[28392 Planar_Mana_Pinata_Green],Elven Assailment,Pn.50jgq9,Physical,,45.5868,0
21:03:30:13:38:23.0::Berserker,P[635826@31751500 Berserker@Rinka#88777],Elven Assailment,C[28411 Spell_Green_Sorcery_Arrowstorm],Primal Wisp,C[28392 Planar_Mana_Pinata_Green],Elven Assailment,Pn.50jgq9,Physical,,45.5868,0
21:03:30:13:38:23.2::Berserker,P[635826@31751500 Berserker@Rinka#88777],Elven Assailment,C[28411 Spell_Green_Sorcery_Arrowstorm],Primal Wisp,C[28392 Planar_Mana_Pinata_Green],Elven Assailment,Pn.50jgq9,Physical,,45.5868,0
21:03:30:13:38:23.6::Berserker,P[635826@31751500 Berserker@Rinka#88777],Elven Assailment,C[28411 Spell_Green_Sorcery_Arrowstorm],Primal Wisp,C[28392 Planar_Mana_Pinata_Green],Elven Assailment,Pn.50jgq9,Physical,,45.5868,0
21:03:30:13:38:23.7::Berserker,P[635826@31751500 Berserker@Rinka#88777],,*,Primal Wisp,C[28392 Planar_Mana_Pinata_Green],Rending Throw,Pn.Oqi8sc,Physical,,878.306,0
21:03:30:13:38:23.8::Berserker,P[635826@31751500 Berserker@Rinka#88777],Elven Assailment,C[28411 Spell_Green_Sorcery_Arrowstorm],Primal Wisp,C[28392 Planar_Mana_Pinata_Green],Elven Assailment,Pn.50jgq9,Physical,,45.5868,0
21:03:30:13:38:24.1::Berserker,P[635826@31751500 Berserker@Rinka#88777],Elven Assailment,C[28411 Spell_Green_Sorcery_Arrowstorm],Primal Wisp,C[28392 Planar_Mana_Pinata_Green],Elven Assailment,Pn.50jgq9,Physical,,45.5868,0
21:03:30:13:38:24.3::Berserker,P[635826@31751500 Berserker@Rinka#88777],Elven Assailment,C[28411 Spell_Green_Sorcery_Arrowstorm],Primal Wisp,C[28392 Planar_Mana_Pinata_Green],Elven Assailment,Pn.50jgq9,Physical,,45.5868,0
21:03:30:13:38:35.5::Berserker,P[635826@31751500 Berserker@Rinka#88777],,*,Primal Wisp,C[28392 Planar_Mana_Pinata_Green],Wild Slash,Pn.I8vljp,Physical,,174.29,0
21:03:30:13:38:36.2::Berserker,P[635826@31751500 Berserker@Rinka#88777],,*,Primal Wisp,C[28392 Planar_Mana_Pinata_Green],Wild Slash,Pn.Etgltp,Physical,,174.29,0
21:03:30:13:38:36.3::"Tamed" Baloth,C[28078 Zen_Vastwood_Forest_Elite_Baloth],,*,Berserker,P[635826@31751500 Berserker@Rinka#88777],Swipe,Pn.2v2lrr,Physical,,560.831,0
21:03:30:13:38:36.4::Berserker,P[635826@31751500 Berserker@Rinka#88777],Enormous Baloth,C[28245 Spell_Green_Creature_Enormousbaloth],Primal Wisp,C[28392 Planar_Mana_Pinata_Green],Melee Attack,Pn.Cp3ahw,Physical,,304.408,0
21:03:30:13:38:36.5::Berserker,P[635826@31751500 Berserker@Rinka#88777],Enormous Baloth,C[28245 Spell_Green_Creature_Enormousbaloth],"Tamed" Baloth,C[28078 Zen_Vastwood_Forest_Elite_Baloth],Trample,Pn.Ozowfj,Physical,,304.408,0
21:03:30:13:38:36.5::Berserker,P[635826@31751500 Berserker@Rinka#88777],Aether Fox,C[27911 Ability_Beastcaller_Companion],Primal Wisp,C[28392 Planar_Mana_Pinata_Green],Melee Attack,Pn.H9nmk5,Physical,,189.527,0
21:03:30:13:38:37.9::Tamed Sporecap Spider,C[28080 Zen_Vastwood_Forest_Standard_Spider],,*,Berserker,P[635826@31751500 Berserker@Rinka#88777],Web Attack,Pn.F0ape6,Physical,,119.914,0
21:03:30:13:38:38.0::Berserker,P[635826@31751500 Berserker@Rinka#88777],,*,Primal Wisp,C[28392 Planar_Mana_Pinata_Green],Wild Slash,Pn.I8vljp,Physical,,261.436,0
21:03:30:13:38:38.8::Berserker,P[635826@31751500 Berserker@Rinka#88777],,*,Primal Wisp,C[28392 Planar_Mana_Pinata_Green],Wild Slash,Pn.Etgltp,Physical,,261.436,0
21:03:30:13:38:39.2::"Tamed" Baloth,C[28078 Zen_Vastwood_Forest_Elite_Baloth],,*,Berserker,P[635826@31751500 Berserker@Rinka#88777],Swipe,Pn.2v2lrr,Physical,,560.831,0
21:03:30:13:38:39.6::Berserker,P[635826@31751500 Berserker@Rinka#88777],,*,"Tamed" Baloth,C[28078 Zen_Vastwood_Forest_Elite_Baloth],Rending Throw,Pn.Oqi8sc,Physical,,878.306,0
21:03:30:13:38:40.6::Berserker,P[635826@31751500 Berserker@Rinka#88777],,*,Enormous Baloth,C[28245 Spell_Green_Creature_Enormousbaloth],Nourish,Pn.Exx6on1,HitPoints,,-455.868,0
21:03:30:13:38:40.7::Berserker,P[635826@31751500 Berserker@Rinka#88777],,*,,*,Nourish,Pn.Exx6on1,HitPoints,,-455.868,0
21:03:30:13:38:41.3::Berserker,P[635826@31751500 Berserker@Rinka#88777],Enormous Baloth,C[28245 Spell_Green_Creature_Enormousbaloth],"Tamed" Baloth,C[28078 Zen_Vastwood_Forest_Elite_Baloth],Melee Attack,Pn.Cp3ahw,Physical,,304.408,0
21:03:30:13:38:41.5::Berserker,P[635826@31751500 Berserker@Rinka#88777],Enormous Baloth,C[28245 Spell_Green_Creature_Enormousbaloth],Tamed Sporecap Spider,C[28104 Zen_Vastwood_Forest_Standard_Spider],Trample,Pn.Ozowfj,Physical,,304.408,0
21:03:30:13:38:41.5::Berserker,P[635826@31751500 Berserker@Rinka#88777],Enormous Baloth,C[28245 Spell_Green_Creature_Enormousbaloth],Tamed Sporecap Spider,C[28080 Zen_Vastwood_Forest_Standard_Spider],Trample,Pn.Ozowfj,Physical,,304.408,0
21:03:30:13:38:41.6::Berserker,P[635826@31751500 Berserker@Rinka#88777],,*,Tamed Sporecap Spider,C[28080 Zen_Vastwood_Forest_Standard_Spider],Wild Slash,Pn.I8vljp,Physical,Kill,261.436,0
21:03:30:13:38:41.6::Berserker,P[635826@31751500 Berserker@Rinka#88777],,*,"Tamed" Baloth,C[28078 Zen_Vastwood_Forest_Elite_Baloth],Wild Slash,Pn.I8vljp,Physical,,261.436,0
21:03:30:13:38:41.6::Berserker,P[635826@31751500 Berserker@Rinka#88777],,*,Enormous Baloth,C[28245 Spell_Green_Creature_Enormousbaloth],Nourish,Pn.Exx6on1,HitPoints,,-95.7323,0
21:03:30:13:38:41.7::Berserker,P[635826@31751500 Berserker@Rinka#88777],,*,,*,Life on Kill,Pn.4f8uq61,HitPoints,,-0,0
21:03:30:13:38:41.7::Berserker,P[635826@31751500 Berserker@Rinka#88777],,*,,*,Nourish,Pn.Exx6on1,HitPoints,,-95.7323,0
21:03:30:13:38:41.7::Berserker,P[635826@31751500 Berserker@Rinka#88777],Aether Fox,C[27911 Ability_Beastcaller_Companion],Tamed Sporecap Spider,C[28104 Zen_Vastwood_Forest_Standard_Spider],Slam,Pn.K4htqb1,Physical,,379.054,0
21:03:30:13:38:41.7::Berserker,P[635826@31751500 Berserker@Rinka#88777],Aether Fox,C[27911 Ability_Beastcaller_Companion],"Tamed" Baloth,C[28078 Zen_Vastwood_Forest_Elite_Baloth],Slam,Pn.K4htqb1,Physical,,379.054,0
21:03:30:13:38:42.1::"Tamed" Baloth,C[28078 Zen_Vastwood_Forest_Elite_Baloth],,*,Berserker,P[635826@31751500 Berserker@Rinka#88777],Swipe,Pn.2v2lrr,Physical,,560.831,0
21:03:30:13:38:42.1::"Tamed" Baloth,C[28078 Zen_Vastwood_Forest_Elite_Baloth],,*,Aether Fox,C[27911 Ability_Beastcaller_Companion],Swipe,Pn.2v2lrr,Physical,,560.831,0
21:03:30:13:38:42.1::"Tamed" Baloth,C[28078 Zen_Vastwood_Forest_Elite_Baloth],,*,Enormous Baloth,C[28245 Spell_Green_Creature_Enormousbaloth],Swipe,Pn.2v2lrr,Physical,,560.831,0
21:03:30:13:38:42.3::Berserker,P[635826@31751500 Berserker@Rinka#88777],,*,"Tamed" Baloth,C[28078 Zen_Vastwood_Forest_Elite_Baloth],Wild Slash,Pn.Etgltp,Physical,,261.436,0
21:03:30:13:38:42.6::Berserker,P[635826@31751500 Berserker@Rinka#88777],,*,Enormous Baloth,C[28245 Spell_Green_Creature_Enormousbaloth],Nourish,Pn.Exx6on1,HitPoints,,-95.7323,0
21:03:30:13:38:42.7::Berserker,P[635826@31751500 Berserker@Rinka#88777],,*,,*,Nourish,Pn.Exx6on1,HitPoints,,-95.7323,0
21:03:30:13:38:42.7::Berserker,P[635826@31751500 Berserker@Rinka#88777],,*,Aether Fox,C[27911 Ability_Beastcaller_Companion],Nourish,Pn.Exx6on1,HitPoints,,-95.7323,0
21:03:30:13:38:43.1::Berserker,P[635826@31751500 Berserker@Rinka#88777],,*,"Tamed" Baloth,C[28078 Zen_Vastwood_Forest_Elite_Baloth],Wild Slash,Pn.Ae2l3q,Physical,,245.974,0
21:03:30:13:38:43.3::Berserker,P[635826@31751500 Berserker@Rinka#88777],,*,"Tamed" Baloth,C[28078 Zen_Vastwood_Forest_Elite_Baloth],Wild Slash,Pn.7ydd0a,Physical,,289.663,0
21:03:30:13:38:43.6::Berserker,P[635826@31751500 Berserker@Rinka#88777],,*,Enormous Baloth,C[28245 Spell_Green_Creature_Enormousbaloth],Nourish,Pn.Exx6on1,HitPoints,,-95.7323,0
21:03:30:13:38:43.7::Berserker,P[635826@31751500 Berserker@Rinka#88777],,*,,*,Nourish,Pn.Exx6on1,HitPoints,,-95.7323,0
21:03:30:13:38:43.7::Berserker,P[635826@31751500 Berserker@Rinka#88777],,*,Aether Fox,C[27911 Ability_Beastcaller_Companion],Nourish,Pn.Exx6on1,HitPoints,,-95.7323,0
21:03:30:13:38:43.9::Berserker,P[635826@31751500 Berserker@Rinka#88777],,*,Tamed Sporecap Spider,C[28104 Zen_Vastwood_Forest_Standard_Spider],Wild Slash,Pn.Etgltp,Physical,,261.436,0
21:03:30:13:38:43.9::Berserker,P[635826@31751500 Berserker@Rinka#88777],,*,"Tamed" Baloth,C[28078 Zen_Vastwood_Forest_Elite_Baloth],Wild Slash,Pn.Etgltp,Physical,,261.436,0
21:03:30:13:38:44.5::Berserker,P[635826@31751500 Berserker@Rinka#88777],,*,Tamed Sporecap Spider,C[28104 Zen_Vastwood_Forest_Standard_Spider],Wild Slash,Pn.Ae2l3q,Physical,,245.974,0
21:03:30:13:38:44.5::Berserker,P[635826@31751500 Berserker@Rinka#88777],,*,"Tamed" Baloth,C[28078 Zen_Vastwood_Forest_Elite_Baloth],Wild Slash,Pn.Ae2l3q,Physical,,245.974,0
21:03:30:13:38:44.6::Berserker,P[635826@31751500 Berserker@Rinka#88777],,*,Enormous Baloth,C[28245 Spell_Green_Creature_Enormousbaloth],Nourish,Pn.Exx6on1,HitPoints,,-95.7323,0
21:03:30:13:38:44.7::Berserker,P[635826@31751500 Berserker@Rinka#88777],,*,,*,Nourish,Pn.Exx6on1,HitPoints,,-95.7323,0
21:03:30:13:38:44.7::Berserker,P[635826@31751500 Berserker@Rinka#88777],,*,Tamed Sporecap Spider,C[28079 Zen_Vastwood_Forest_Standard_Spider],Wild Slash,Pn.7ydd0a,Physical,Kill,282.105,0
21:03:30:13:38:44.7::Berserker,P[635826@31751500 Berserker@Rinka#88777],,*,"Tamed" Baloth,C[28078 Zen_Vastwood_Forest_Elite_Baloth],Wild Slash,Pn.7ydd0a,Physical,,282.155,0
21:03:30:13:38:44.7::Berserker,P[635826@31751500 Berserker@Rinka#88777],,*,Aether Fox,C[27911 Ability_Beastcaller_Companion],Nourish,Pn.Exx6on1,HitPoints,,-95.7323,0
21:03:30:13:38:44.8::Berserker,P[635826@31751500 Berserker@Rinka#88777],,*,,*,Life on Kill,Pn.4f8uq61,HitPoints,,-0,0
21:03:30:13:38:44.8::Berserker,P[635826@31751500 Berserker@Rinka#88777],,*,Tamed Sporecap Spider,C[28104 Zen_Vastwood_Forest_Standard_Spider],Wild Slash,Pn.7ydd0a,Physical,,295.029,0
21:03:30:13:38:45.1::"Tamed" Baloth,C[28078 Zen_Vastwood_Forest_Elite_Baloth],,*,Berserker,P[635826@31751500 Berserker@Rinka#88777],Swipe,Pn.2v2lrr,Physical,,560.831,0
21:03:30:13:38:45.2::Berserker,P[635826@31751500 Berserker@Rinka#88777],Aether Fox,C[27911 Ability_Beastcaller_Companion],"Tamed" Baloth,C[28078 Zen_Vastwood_Forest_Elite_Baloth],Melee Attack,Pn.H9nmk5,Physical,,189.527,0
21:03:30:13:38:45.3::Berserker,P[635826@31751500 Berserker@Rinka#88777],,*,"Tamed" Baloth,C[28078 Zen_Vastwood_Forest_Elite_Baloth],Wild Slash,Pn.Etgltp,Physical,,174.29,0
21:03:30:13:38:45.6::Berserker,P[635826@31751500 Berserker@Rinka#88777],,*,Enormous Baloth,C[28245 Spell_Green_Creature_Enormousbaloth],Nourish,Pn.Exx6on1,HitPoints,,-95.7323,0
21:03:30:13:38:45.8::Berserker,P[635826@31751500 Berserker@Rinka#88777],,*,,*,Nourish,Pn.Exx6on1,HitPoints,,-95.7323,0
21:03:30:13:38:45.8::Berserker,P[635826@31751500 Berserker@Rinka#88777],,*,Aether Fox,C[27911 Ability_Beastcaller_Companion],Nourish,Pn.Exx6on1,HitPoints,,-95.7323,0
21:03:30:13:38:45.9::Berserker,P[635826@31751500 Berserker@Rinka#88777],,*,"Tamed" Baloth,C[28078 Zen_Vastwood_Forest_Elite_Baloth],Wild Slash,Pn.Ae2l3q,Physical,Kill,163.983,0
21:03:30:13:38:46.1::Berserker,P[635826@31751500 Berserker@Rinka#88777],,*,,*,Feast of the Victor,Pn.Z9aqls,HitPoints,,-1583.36,0
21:03:30:13:38:46.1::Berserker,P[635826@31751500 Berserker@Rinka#88777],,*,,*,Life on Kill,Pn.4f8uq61,HitPoints,,-0,0
21:03:30:13:38:46.1::Berserker,P[635826@31751500 Berserker@Rinka#88777],,*,Aether Fox,C[27911 Ability_Beastcaller_Companion],Feast of the Victor,Pn.Z9aqls,HitPoints,,-595.505,0
21:03:30:13:38:46.3::Berserker,P[635826@31751500 Berserker@Rinka#88777],,*,Tamed Sporecap Spider,C[28104 Zen_Vastwood_Forest_Standard_Spider],Wild Slash,Pn.7ydd0a,Physical,Kill,199.095,0
21:03:30:13:38:46.3::Berserker,P[635826@31751500 Berserker@Rinka#88777],,*,,*,Life on Kill,Pn.4f8uq61,HitPoints,,-0,0
21:03:30:13:38:49.0::Berserker,P[635826@31751500 Berserker@Rinka#88777],Aether Fox,C[27911 Ability_Beastcaller_Companion],Tamed Sporecap Spider,C[28103 Zen_Vastwood_Forest_Standard_Spider],Melee Attack,Pn.H9nmk5,Physical,,189.527,0
21:03:30:13:38:49.0::Berserker,P[635826@31751500 Berserker@Rinka#88777],,*,Tamed Sporecap Spider,C[28103 Zen_Vastwood_Forest_Standard_Spider],Wild Slash,Pn.Ae2l3q,Physical,,163.983,0
21:03:30:13:38:49.3::Berserker,P[635826@31751500 Berserker@Rinka#88777],,*,Tamed Sporecap Spider,C[28103 Zen_Vastwood_Forest_Standard_Spider],Wild Slash,Pn.7ydd0a,Physical,,186.967,0
21:03:30:13:38:49.9::Berserker,P[635826@31751500 Berserker@Rinka#88777],,*,Tamed Sporecap Spider,C[28103 Zen_Vastwood_Forest_Standard_Spider],Wild Slash,Pn.Etgltp,Physical,,174.29,0
21:03:30:13:38:50.6::Berserker,P[635826@31751500 Berserker@Rinka#88777],,*,Tamed Sporecap Spider,C[28103 Zen_Vastwood_Forest_Standard_Spider],Wild Slash,Pn.Ae2l3q,Physical,,163.983,0
21:03:30:13:38:50.9::Berserker,P[635826@31751500 Berserker@Rinka#88777],,*,Tamed Sporecap Spider,C[28103 Zen_Vastwood_Forest_Standard_Spider],Wild Slash,Pn.7ydd0a,Physical,,197.183,0
21:03:30:13:38:51.4::Berserker,P[635826@31751500 Berserker@Rinka#88777],,*,Tamed Sporecap Spider,C[28103 Zen_Vastwood_Forest_Standard_Spider],Wild Slash,Pn.Etgltp,Physical,,174.29,0
21:03:30:13:38:51.4::Tamed Sporecap Spider,C[28103 Zen_Vastwood_Forest_Standard_Spider],,*,Enormous Baloth,C[28245 Spell_Green_Creature_Enormousbaloth],Web Attack,Pn.F0ape6,Physical,,119.914,0
21:03:30:13:38:52.0::Berserker,P[635826@31751500 Berserker@Rinka#88777],,*,Tamed Sporecap Spider,C[28103 Zen_Vastwood_Forest_Standard_Spider],Wild Slash,Pn.Ae2l3q,Physical,,163.983,0
21:03:30:13:38:52.0::Berserker,P[635826@31751500 Berserker@Rinka#88777],Aether Fox,C[27911 Ability_Beastcaller_Companion],Tamed Sporecap Spider,C[28103 Zen_Vastwood_Forest_Standard_Spider],Melee Attack,Pn.H9nmk5,Physical,Kill,189.527,0
21:03:30:13:38:56.7::Berserker,P[635826@31751500 Berserker@Rinka#88777],,*,Primal Wisp,C[28392 Planar_Mana_Pinata_Green],Wild Slash,Pn.I8vljp,Physical,,174.29,0
21:03:30:13:38:57.7::Berserker,P[635826@31751500 Berserker@Rinka#88777],Stampede,C[28466 Spell_Green_Sorcery_Stampede],Primal Wisp,C[28392 Planar_Mana_Pinata_Green],Stampede,Pn.9oej46,Physical,,265.923,0
21:03:30:13:38:58.2::Berserker,P[635826@31751500 Berserker@Rinka#88777],Stampede,C[28466 Spell_Green_Sorcery_Stampede],Primal Wisp,C[28392 Planar_Mana_Pinata_Green],Stampede,Pn.9oej46,Physical,,265.923,0
21:03:30:13:38:58.7::Berserker,P[635826@31751500 Berserker@Rinka#88777],Stampede,C[28466 Spell_Green_Sorcery_Stampede],Primal Wisp,C[28392 Planar_Mana_Pinata_Green],Stampede,Pn.9oej46,Physical,,265.923,0
21:03:30:13:38:59.0::Berserker,P[635826@31751500 Berserker@Rinka#88777],Aether Fox,C[27911 Ability_Beastcaller_Companion],Primal Wisp,C[28392 Planar_Mana_Pinata_Green],Melee Attack,Pn.H9nmk5,Physical,,189.527,0
21:03:30:13:38:59.1::Berserker,P[635826@31751500 Berserker@Rinka#88777],Enormous Baloth,C[28245 Spell_Green_Creature_Enormousbaloth],Primal Wisp,C[28392 Planar_Mana_Pinata_Green],Hunt of the Apex,Pn.Tf7tw3,Physical,,0,0
21:03:30:13:39:01.4::Berserker,P[635826@31751500 Berserker@Rinka#88777],,*,Grotag Bushwhacker,C[28465 Zen_Vastwood_Forest_Minion_Goblin_Melee],Rending Throw,Pn.Oqi8sc,Physical,Kill,878.306,0
21:03:30:13:39:01.5::Berserker,P[635826@31751500 Berserker@Rinka#88777],,*,,*,Life on Kill,Pn.4f8uq61,HitPoints,,-0,0
21:03:30:13:39:01.8::Keldon,P[635768@29788985 Keldon@deathdemon96],,*,Grotag Bushwhacker,C[28336 Zen_Vastwood_Forest_Minion_Goblin_Melee],Impale,Pn.9mh06e,Physical,Kill,2583.25,0
21:03:30:13:39:02.0::Keldon,P[635768@29788985 Keldon@deathdemon96],,*,,*,Life on Kill,Pn.4f8uq61,HitPoints,,-0,0
21:03:30:13:39:04.1::Berserker,P[635826@31751500 Berserker@Rinka#88777],,*,Grotag Dartblower,C[28462 Zen_Vastwood_Forest_Hordeling_Goblin_Ranged],Wild Slash,Pn.I8vljp,Physical,,174.29,0
21:03:30:13:39:04.3::Grotag Dartblower,C[28462 Zen_Vastwood_Forest_Hordeling_Goblin_Ranged],,*,Berserker,P[635826@31751500 Berserker@Rinka#88777],Ranged Attack,Pn.90wbfy,Physical,,4.30462,0
21:03:30:13:39:04.8::Grotag Dartblower,C[28462 Zen_Vastwood_Forest_Hordeling_Goblin_Ranged],,*,Berserker,P[635826@31751500 Berserker@Rinka#88777],Ranged Attack,Pn.90wbfy,Physical,,4.30462,0
21:03:30:13:39:05.3::Grotag Dartblower,C[28462 Zen_Vastwood_Forest_Hordeling_Goblin_Ranged],,*,Berserker,P[635826@31751500 Berserker@Rinka#88777],Ranged Attack,Pn.90wbfy,Physical,,4.30462,0
21:03:30:13:39:05.6::Tamed Sporecap Spider,C[28461 Zen_Vastwood_Forest_Standard_Spider],,*,Enormous Baloth,C[28245 Spell_Green_Creature_Enormousbaloth],Web Attack,Pn.F0ape6,Physical,,119.914,0
21:03:30:13:39:05.8::Tamed Sporecap Spider,C[28464 Zen_Vastwood_Forest_Standard_Spider],,*,Berserker,P[635826@31751500 Berserker@Rinka#88777],Web Attack,Pn.F0ape6,Physical,,119.914,0
21:03:30:13:39:05.8::Grotag Dartblower,C[28462 Zen_Vastwood_Forest_Hordeling_Goblin_Ranged],,*,Berserker,P[635826@31751500 Berserker@Rinka#88777],Ranged Attack,Pn.90wbfy,Physical,,4.30462,0
21:03:30:13:39:08.3::Tamed Sporecap Spider,C[28461 Zen_Vastwood_Forest_Standard_Spider],,*,Enormous Baloth,C[28245 Spell_Green_Creature_Enormousbaloth],Melee Attack,Pn.Cp3ahw,Physical,,219.843,0
